<?xml version="1.0" encoding="UTF-8"?>
<!-- Generated by org.testng.reporters.JUnitReportReporter -->
<testsuite skipped="1" hostname="DESKTOP-OQPHGP6" name="orangeHRM.testcases.LoginScenarios" tests="3" failures="1" timestamp="10 Mar 2020 18:54:56 GMT" time="4.638" errors="0">
  <testcase name="verifyPage" time="0.819" classname="orangeHRM.testcases.LoginScenarios"/>
  <testcase name="loginToApplication" time="3.819" classname="orangeHRM.testcases.LoginScenarios">
    <failure type="java.lang.AssertionError" message="Dashboard does not contain dashboard keyword expected [true] but found [false]">
      <![CDATA[java.lang.AssertionError: Dashboard does not contain dashboard keyword expected [true] but found [false]
at org.testng.Assert.fail(Assert.java:96)
at org.testng.Assert.failNotEquals(Assert.java:776)
at org.testng.Assert.assertTrue(Assert.java:44)
at orangeHRM.pages.LoginPage.verifyUrlAfterLogin(LoginPage.java:35)
at orangeHRM.testcases.LoginScenarios.loginToApplication(LoginScenarios.java:43)
at sun.reflect.NativeMethodAccessorImpl.invoke0(Native Method)
at sun.reflect.NativeMethodAccessorImpl.invoke(NativeMethodAccessorImpl.java:62)
at sun.reflect.DelegatingMethodAccessorImpl.invoke(DelegatingMethodAccessorImpl.java:43)
at java.lang.reflect.Method.invoke(Method.java:498)
at org.testng.internal.MethodInvocationHelper.invokeMethod(MethodInvocationHelper.java:124)
at org.testng.internal.Invoker.invokeMethod(Invoker.java:583)
at org.testng.internal.Invoker.invokeTestMethod(Invoker.java:719)
at org.testng.internal.Invoker.invokeTestMethods(Invoker.java:989)
at org.testng.internal.TestMethodWorker.invokeTestMethods(TestMethodWorker.java:125)
at org.testng.internal.TestMethodWorker.run(TestMethodWorker.java:109)
at java.util.concurrent.ThreadPoolExecutor.runWorker(ThreadPoolExecutor.java:1149)
at java.util.concurrent.ThreadPoolExecutor$Worker.run(ThreadPoolExecutor.java:624)
at java.lang.Thread.run(Thread.java:748)
]]>
    </failure>
  </testcase> <!-- loginToApplication -->
  <testcase name="logoutFromApplication" time="0.000" classname="orangeHRM.testcases.LoginScenarios">
    <skipped/>
  </testcase> <!-- logoutFromApplication -->
</testsuite> <!-- orangeHRM.testcases.LoginScenarios -->
